<?xml version="1.0" encoding="UTF-8"?>
<testsuites name="New Test Suite" time="3.892" tests="1" failures="0" errors="0">
   <testsuite name="New Test Suite" tests="1" failures="0" errors="0" time="3.892" skipped="0" timestamp="2023-06-11 09:40:08" hostname="ABISHAR - Lenovo" id="Test Suites/New Test Suite">
      <properties>
         <property name="deviceName" value=""/>
         <property name="devicePlatform" value=""/>
         <property name="logFolder" value="C:\\Users\\ABISHAR\\Katalon Studio\\My First API Project\\Reports\\20230611_093951\\New Test Suite\\20230611_093951"/>
         <property name="logFiles" value="C:\\Users\\ABISHAR\\Katalon Studio\\My First API Project\\Reports\\20230611_093951\\New Test Suite\\20230611_093951\\execution0.log"/>
         <property name="attachments" value=""/>
         <property name="hostName" value="ABISHAR - Lenovo"/>
         <property name="hostAddress" value="10.131.0.11"/>
         <property name="os" value="Windows 10 64bit"/>
         <property name="katalonVersion" value="8.6.5.208"/>
      </properties>
      <testcase name="Test Cases/SetTimestampToGlobal" time="3.214" classname="Test Cases/SetTimestampToGlobal" status="PASSED">
         <system-out><![CDATA[2023-06-11 09:40:09 - [TEST_CASE][PASSED] - Test Cases/SetTimestampToGlobal: Test Cases/SetTimestampToGlobal

2023-06-11 09:40:10 - [TEST_STEP][PASSED] - currentTime = ZonedDateTime.now(ZoneOffset.ofHours(7)): null

2023-06-11 09:40:11 - [TEST_STEP][PASSED] - formatter = DateTimeFormatter.ofPattern("yyyy-MM-dd'T'HH:mm:ssxxx"): null

2023-06-11 09:40:11 - [TEST_STEP][PASSED] - formattedTimestamp = currentTime.format(formatter): null

2023-06-11 09:40:11 - [TEST_STEP][PASSED] - println("Timestamp: " + formattedTimestamp): null

2023-06-11 09:40:11 - [TEST_STEP][PASSED] - TIMESTAMP = formattedTimestamp: null]]></system-out>
         <system-err><![CDATA[]]></system-err>
      </testcase>
      <system-out><![CDATA[2023-06-11 09:40:08 - [TEST_SUITE][PASSED] - New Test Suite: Test Cases/SetTimestampToGlobal]]></system-out>
      <system-err><![CDATA[]]></system-err>
   </testsuite>
</testsuites>
